2025-03-14 14:35:41,392 - database - INFO - Starting database initialization...
2025-03-14 14:35:41,392 - database - INFO - Current working directory: D:\App Hotel
2025-03-14 14:35:41,398 - database - INFO - Creating database tables...
2025-03-14 14:35:41,410 - database - INFO - Database tables created successfully
2025-03-14 14:35:41,410 - __main__ - ERROR - Application error: st.session_state has no attribute "authenticated". Did you forget to initialize it? More info: https://docs.streamlit.io/library/advanced-features/session-state#initialization
2025-03-14 17:59:07,098 - database - INFO - Starting database initialization...
2025-03-14 17:59:07,099 - database - INFO - Current working directory: D:\App Hotel
2025-03-14 17:59:07,103 - database - INFO - Creating database tables...
2025-03-14 17:59:07,110 - database - INFO - Database tables created successfully
2025-03-14 17:59:07,111 - __main__ - ERROR - Application error: st.session_state has no attribute "authenticated". Did you forget to initialize it? More info: https://docs.streamlit.io/library/advanced-features/session-state#initialization
2025-03-14 18:15:33,008 - database - INFO - Starting database initialization...
2025-03-14 18:15:33,008 - database - INFO - Current working directory: D:\App Hotel
2025-03-14 18:15:33,009 - database - INFO - Creating database tables...
2025-03-14 18:15:33,010 - database - INFO - Database tables created successfully
2025-03-14 18:15:33,011 - __main__ - ERROR - Application error: st.session_state has no attribute "authenticated". Did you forget to initialize it? More info: https://docs.streamlit.io/library/advanced-features/session-state#initialization
2025-03-14 18:19:45,257 - database - INFO - Starting database initialization...
2025-03-14 18:19:45,257 - database - INFO - Current working directory: D:\App Hotel
2025-03-14 18:19:45,257 - database - INFO - Creating database tables...
2025-03-14 18:19:45,259 - database - INFO - Database tables created successfully
2025-03-14 18:19:45,260 - __main__ - ERROR - Application error: st.session_state has no attribute "authenticated". Did you forget to initialize it? More info: https://docs.streamlit.io/library/advanced-features/session-state#initialization
2025-03-14 19:21:10,783 - database - INFO - Starting database initialization...
2025-03-14 19:21:10,784 - database - INFO - Current working directory: D:\App Hotel
2025-03-14 19:21:10,788 - database - INFO - Creating database tables...
2025-03-14 19:21:10,795 - database - INFO - Database tables created successfully
2025-03-14 19:21:10,795 - __main__ - ERROR - Application error: st.session_state has no attribute "authenticated". Did you forget to initialize it? More info: https://docs.streamlit.io/library/advanced-features/session-state#initialization
2025-03-14 19:23:18,910 - database - INFO - Starting database initialization...
2025-03-14 19:23:18,910 - database - INFO - Current working directory: D:\App Hotel
2025-03-14 19:23:18,910 - database - INFO - Creating database tables...
2025-03-14 19:23:18,911 - database - INFO - Database tables created successfully
2025-03-14 19:23:44,317 - database - INFO - Starting database initialization...
2025-03-14 19:23:44,317 - database - INFO - Current working directory: D:\App Hotel
2025-03-14 19:23:44,317 - database - INFO - Creating database tables...
2025-03-14 19:23:44,318 - database - INFO - Database tables created successfully
2025-03-14 19:23:44,319 - __main__ - ERROR - Application error: st.session_state has no attribute "authenticated". Did you forget to initialize it? More info: https://docs.streamlit.io/library/advanced-features/session-state#initialization
2025-03-15 20:21:00,379 - database - INFO - Starting database initialization...
2025-03-15 20:21:00,379 - database - INFO - Current working directory: D:\App Hotel
2025-03-15 20:21:00,382 - database - INFO - Creating database tables...
2025-03-15 20:21:00,389 - database - INFO - Database tables created successfully
2025-03-15 20:21:00,390 - __main__ - ERROR - Application error: st.session_state has no attribute "authenticated". Did you forget to initialize it? More info: https://docs.streamlit.io/library/advanced-features/session-state#initialization
2025-03-15 20:28:26,170 - database - INFO - Starting database initialization...
2025-03-15 20:28:26,171 - database - INFO - Current working directory: D:\App Hotel
2025-03-15 20:28:26,176 - database - INFO - Creating database tables...
2025-03-15 20:28:26,182 - database - INFO - Database tables created successfully
2025-03-15 20:28:26,183 - __main__ - ERROR - Application error: st.session_state has no attribute "authenticated". Did you forget to initialize it? More info: https://docs.streamlit.io/library/advanced-features/session-state#initialization
2025-03-15 20:34:05,922 - database - INFO - Starting database initialization...
2025-03-15 20:34:05,922 - database - INFO - Current working directory: D:\App Hotel
2025-03-15 20:34:05,923 - database - INFO - Creating database tables...
2025-03-15 20:34:05,925 - database - INFO - Database tables created successfully
2025-03-15 20:34:53,268 - database - INFO - Starting database initialization...
2025-03-15 20:34:53,268 - database - INFO - Current working directory: D:\App Hotel
2025-03-15 20:34:53,269 - database - INFO - Creating database tables...
2025-03-15 20:34:53,270 - database - INFO - Database tables created successfully
2025-03-15 20:34:53,270 - __main__ - ERROR - Application error: st.session_state has no attribute "authenticated". Did you forget to initialize it? More info: https://docs.streamlit.io/library/advanced-features/session-state#initialization
2025-03-15 20:35:51,975 - database - INFO - Starting database initialization...
2025-03-15 20:35:52,026 - database - INFO - Current working directory: D:\App Hotel
2025-03-15 20:35:52,091 - database - INFO - Creating database tables...
2025-03-15 20:35:52,208 - database - INFO - Database tables created successfully
2025-03-15 20:35:52,342 - __main__ - ERROR - Application error: st.session_state has no attribute "authenticated". Did you forget to initialize it? More info: https://docs.streamlit.io/library/advanced-features/session-state#initialization
2025-03-15 20:40:32,488 - database - INFO - Starting database initialization...
2025-03-15 20:40:32,488 - database - INFO - Current working directory: D:\App Hotel
2025-03-15 20:40:32,488 - database - INFO - Creating database tables...
2025-03-15 20:40:32,506 - database - INFO - Database tables created successfully
2025-03-15 20:40:32,507 - __main__ - ERROR - Application error: st.session_state has no attribute "authenticated". Did you forget to initialize it? More info: https://docs.streamlit.io/library/advanced-features/session-state#initialization
2025-03-15 20:45:04,767 - database - INFO - Starting database initialization...
2025-03-15 20:45:04,767 - database - INFO - Current working directory: D:\App Hotel
2025-03-15 20:45:04,767 - database - INFO - Creating database tables...
2025-03-15 20:45:04,767 - database - INFO - Database tables created successfully
2025-03-15 20:45:04,767 - __main__ - ERROR - Application error: st.session_state has no attribute "authenticated". Did you forget to initialize it? More info: https://docs.streamlit.io/library/advanced-features/session-state#initialization
2025-03-15 20:46:09,465 - database - INFO - Starting database initialization...
2025-03-15 20:46:09,465 - database - INFO - Current working directory: D:\App Hotel
2025-03-15 20:46:09,481 - database - INFO - Creating database tables...
2025-03-15 20:46:09,481 - database - INFO - Database tables created successfully
2025-03-15 20:46:09,481 - __main__ - ERROR - Application error: st.session_state has no attribute "authenticated". Did you forget to initialize it? More info: https://docs.streamlit.io/library/advanced-features/session-state#initialization
2025-03-15 20:52:08,332 - database - INFO - Starting database initialization...
2025-03-15 20:52:08,332 - database - INFO - Current working directory: D:\App Hotel
2025-03-15 20:52:08,332 - database - INFO - Creating database tables...
2025-03-15 20:52:08,332 - database - INFO - Database tables created successfully
2025-03-15 20:52:08,332 - __main__ - ERROR - Application error: st.session_state has no attribute "authenticated". Did you forget to initialize it? More info: https://docs.streamlit.io/library/advanced-features/session-state#initialization
2025-03-15 20:52:28,948 - database - INFO - Starting database initialization...
2025-03-15 20:52:28,948 - database - INFO - Current working directory: D:\App Hotel
2025-03-15 20:52:28,948 - database - INFO - Creating database tables...
2025-03-15 20:52:28,948 - database - INFO - Database tables created successfully
2025-03-15 20:52:28,963 - __main__ - ERROR - Application error: st.session_state has no attribute "authenticated". Did you forget to initialize it? More info: https://docs.streamlit.io/library/advanced-features/session-state#initialization
2025-03-15 20:53:35,272 - database - INFO - Starting database initialization...
2025-03-15 20:53:35,272 - database - INFO - Current working directory: D:\App Hotel
2025-03-15 20:53:35,272 - database - INFO - Creating database tables...
2025-03-15 20:53:35,272 - database - INFO - Database tables created successfully
2025-03-15 20:53:35,272 - __main__ - ERROR - Application error: st.session_state has no attribute "authenticated". Did you forget to initialize it? More info: https://docs.streamlit.io/library/advanced-features/session-state#initialization
2025-03-15 20:53:57,635 - database - INFO - Starting database initialization...
2025-03-15 20:53:57,635 - database - INFO - Current working directory: D:\App Hotel
2025-03-15 20:53:57,635 - database - INFO - Creating database tables...
2025-03-15 20:53:57,635 - database - INFO - Database tables created successfully
2025-03-15 20:53:57,635 - __main__ - ERROR - Application error: st.session_state has no attribute "authenticated". Did you forget to initialize it? More info: https://docs.streamlit.io/library/advanced-features/session-state#initialization
2025-03-15 20:54:09,881 - database - INFO - Starting database initialization...
2025-03-15 20:54:09,881 - database - INFO - Current working directory: D:\App Hotel
2025-03-15 20:54:09,881 - database - INFO - Creating database tables...
2025-03-15 20:54:09,881 - database - INFO - Database tables created successfully
2025-03-15 20:54:09,881 - __main__ - ERROR - Application error: st.session_state has no attribute "authenticated". Did you forget to initialize it? More info: https://docs.streamlit.io/library/advanced-features/session-state#initialization
2025-03-15 20:56:52,890 - database - INFO - Starting database initialization...
2025-03-15 20:56:52,890 - database - INFO - Current working directory: D:\App Hotel
2025-03-15 20:56:52,891 - database - INFO - Creating database tables...
2025-03-15 20:56:52,892 - database - INFO - Database tables created successfully
2025-03-15 20:56:52,893 - __main__ - ERROR - Application error: st.session_state has no attribute "authenticated". Did you forget to initialize it? More info: https://docs.streamlit.io/library/advanced-features/session-state#initialization
2025-03-15 21:01:36,728 - database - INFO - Starting database initialization...
2025-03-15 21:01:36,728 - database - INFO - Current working directory: D:\App Hotel
2025-03-15 21:01:36,731 - database - INFO - Creating database tables...
2025-03-15 21:01:36,738 - database - INFO - Database tables created successfully
2025-03-15 21:01:36,740 - __main__ - ERROR - Application error: st.session_state has no attribute "authenticated". Did you forget to initialize it? More info: https://docs.streamlit.io/library/advanced-features/session-state#initialization
2025-03-27 17:42:57,682 - database - INFO - Starting database initialization...
2025-03-27 17:42:57,682 - database - INFO - Current working directory: D:\App Hotel
2025-03-27 17:42:57,690 - database - INFO - Creating database tables...
2025-03-27 17:42:57,697 - database - INFO - Database tables created successfully
2025-03-27 17:42:57,697 - __main__ - ERROR - Application error: st.session_state has no attribute "authenticated". Did you forget to initialize it? More info: https://docs.streamlit.io/library/advanced-features/session-state#initialization
2025-03-27 19:09:36,082 - database - INFO - Starting database initialization...
2025-03-27 19:09:36,082 - database - INFO - Current working directory: D:\App Hotel
2025-03-27 19:09:36,082 - database - INFO - Creating database tables...
2025-03-27 19:09:36,098 - database - INFO - Database tables created successfully
2025-03-27 19:09:49,931 - database - INFO - Starting database initialization...
2025-03-27 19:09:49,931 - database - INFO - Current working directory: D:\App Hotel
2025-03-27 19:09:49,931 - database - INFO - Creating database tables...
2025-03-27 19:09:49,931 - database - INFO - Database tables created successfully
2025-03-27 19:09:56,043 - database - INFO - Starting database initialization...
2025-03-27 19:09:56,043 - database - INFO - Current working directory: D:\App Hotel
2025-03-27 19:09:56,043 - database - INFO - Creating database tables...
2025-03-27 19:09:56,043 - database - INFO - Database tables created successfully
2025-03-27 19:11:20,682 - database - INFO - Starting database initialization...
2025-03-27 19:11:20,682 - database - INFO - Current working directory: D:\App Hotel
2025-03-27 19:11:20,682 - database - INFO - Creating database tables...
2025-03-27 19:11:20,682 - database - INFO - Database tables created successfully
2025-03-27 19:11:20,755 - database - INFO - Starting database initialization...
2025-03-27 19:11:20,755 - database - INFO - Current working directory: D:\App Hotel
2025-03-27 19:11:20,755 - database - INFO - Creating database tables...
2025-03-27 19:11:20,755 - database - INFO - Database tables created successfully
2025-03-27 19:11:47,411 - database - INFO - Starting database initialization...
2025-03-27 19:11:47,412 - database - INFO - Current working directory: D:\App Hotel
2025-03-27 19:11:47,412 - database - INFO - Creating database tables...
2025-03-27 19:11:47,414 - database - INFO - Database tables created successfully
2025-03-27 20:30:09,904 - database - INFO - Starting database initialization...
2025-03-27 20:30:09,907 - database - INFO - Current working directory: D:\App Hotel
2025-03-27 20:30:09,909 - database - INFO - Creating database tables...
2025-03-27 20:30:09,916 - database - INFO - Database tables created successfully
2025-03-27 20:30:25,023 - database - INFO - Starting database initialization...
2025-03-27 20:30:25,023 - database - INFO - Current working directory: D:\App Hotel
2025-03-27 20:30:25,023 - database - INFO - Creating database tables...
2025-03-27 20:30:25,042 - database - INFO - Database tables created successfully
2025-03-27 20:30:25,207 - database - INFO - Starting database initialization...
2025-03-27 20:30:25,209 - database - INFO - Current working directory: D:\App Hotel
2025-03-27 20:30:25,211 - database - INFO - Creating database tables...
2025-03-27 20:30:25,220 - database - INFO - Database tables created successfully
2025-03-27 20:31:31,804 - database - INFO - Starting database initialization...
2025-03-27 20:31:31,805 - database - INFO - Current working directory: D:\App Hotel
2025-03-27 20:31:31,806 - database - INFO - Creating database tables...
2025-03-27 20:31:31,810 - database - INFO - Database tables created successfully
2025-03-27 20:32:37,326 - database - INFO - Starting database initialization...
2025-03-27 20:32:37,327 - database - INFO - Current working directory: D:\App Hotel
2025-03-27 20:32:37,329 - database - INFO - Creating database tables...
2025-03-27 20:32:37,334 - database - INFO - Database tables created successfully
2025-03-27 20:33:27,825 - database - INFO - Starting database initialization...
2025-03-27 20:33:27,825 - database - INFO - Current working directory: D:\App Hotel
2025-03-27 20:33:27,825 - database - INFO - Creating database tables...
2025-03-27 20:33:27,825 - database - INFO - Database tables created successfully
2025-03-27 20:33:33,167 - database - INFO - Starting database initialization...
2025-03-27 20:33:33,168 - database - INFO - Current working directory: D:\App Hotel
2025-03-27 20:33:33,170 - database - INFO - Creating database tables...
2025-03-27 20:33:33,171 - database - INFO - Database tables created successfully
2025-03-27 20:33:42,839 - database - INFO - Starting database initialization...
2025-03-27 20:33:42,839 - database - INFO - Current working directory: D:\App Hotel
2025-03-27 20:33:42,839 - database - INFO - Creating database tables...
2025-03-27 20:33:42,839 - database - INFO - Database tables created successfully
2025-03-27 20:33:42,931 - database - INFO - Starting database initialization...
2025-03-27 20:33:42,931 - database - INFO - Current working directory: D:\App Hotel
2025-03-27 20:33:42,938 - database - INFO - Creating database tables...
2025-03-27 20:33:42,941 - database - INFO - Database tables created successfully
2025-03-27 20:34:00,835 - database - INFO - Starting database initialization...
2025-03-27 20:34:00,836 - database - INFO - Current working directory: D:\App Hotel
2025-03-27 20:34:00,838 - database - INFO - Creating database tables...
2025-03-27 20:34:00,843 - database - INFO - Database tables created successfully
2025-03-27 22:01:39,199 - database - INFO - Starting database initialization...
2025-03-27 22:01:39,199 - database - INFO - Current working directory: D:\App Hotel
2025-03-27 22:01:39,199 - database - INFO - Creating database tables...
2025-03-27 22:01:39,199 - database - INFO - Database tables created successfully
2025-03-27 22:06:02,251 - database - INFO - Starting database initialization...
2025-03-27 22:06:02,251 - database - INFO - Current working directory: D:\App Hotel
2025-03-27 22:06:02,251 - database - INFO - Creating database tables...
2025-03-27 22:06:02,251 - database - INFO - Database tables created successfully
2025-03-27 22:06:02,440 - database - INFO - Starting database initialization...
2025-03-27 22:06:02,441 - database - INFO - Current working directory: D:\App Hotel
2025-03-27 22:06:02,442 - database - INFO - Creating database tables...
2025-03-27 22:06:02,444 - database - INFO - Database tables created successfully
2025-03-27 22:06:38,820 - database - INFO - Starting database initialization...
2025-03-27 22:06:38,820 - database - INFO - Current working directory: D:\App Hotel
2025-03-27 22:06:38,821 - database - INFO - Creating database tables...
2025-03-27 22:06:38,824 - database - INFO - Database tables created successfully
2025-03-27 22:07:07,407 - database - INFO - Starting database initialization...
2025-03-27 22:07:07,407 - database - INFO - Current working directory: D:\App Hotel
2025-03-27 22:07:07,407 - database - INFO - Creating database tables...
2025-03-27 22:07:07,407 - database - INFO - Database tables created successfully
2025-03-27 22:07:27,386 - database - INFO - Starting database initialization...
2025-03-27 22:07:27,386 - database - INFO - Current working directory: D:\App Hotel
2025-03-27 22:07:27,386 - database - INFO - Creating database tables...
2025-03-27 22:07:27,386 - database - INFO - Database tables created successfully
2025-03-27 22:07:27,504 - database - INFO - Starting database initialization...
2025-03-27 22:07:27,505 - database - INFO - Current working directory: D:\App Hotel
2025-03-27 22:07:27,507 - database - INFO - Creating database tables...
2025-03-27 22:07:27,508 - database - INFO - Database tables created successfully
